#
# There is insufficient memory for the Java Runtime Environment to continue.
# Native memory allocation (malloc) failed to allocate 1048576 bytes for AllocateHeap
# Possible reasons:
#   The system is out of physical RAM or swap space
#   In 32 bit mode, the process size limit was hit
# Possible solutions:
#   Reduce memory load on the system
#   Increase physical memory or swap space
#   Check if swap backing store is full
#   Use 64 bit Java on a 64 bit OS
#   Decrease Java heap size (-Xmx/-Xms)
#   Decrease number of Java threads
#   Decrease Java thread stack sizes (-Xss)
#   Set larger code cache with -XX:ReservedCodeCacheSize=
# This output file may be truncated or incomplete.
#
#  Out of Memory Error (memory/allocation.inline.hpp:61), pid=23456, tid=0x0000000000003ac4
#
# JRE version:  (8.0_191-b12) (build )
# Java VM: Java HotSpot(TM) 64-Bit Server VM (25.191-b12 mixed mode windows-amd64 compressed oops)
# Failed to write core dump. Minidumps are not enabled by default on client versions of Windows
#

---------------  T H R E A D  ---------------

Current thread (0x0000000002ca2800):  JavaThread "Unknown thread" [_thread_in_vm, id=15044, stack(0x0000000002ba0000,0x0000000002ca0000)]

Stack: [0x0000000002ba0000,0x0000000002ca0000]
[error occurred during error reporting (printing stack bounds), id 0xc0000005]

Native frames: (J=compiled Java code, j=interpreted, Vv=VM code, C=native code)


---------------  P R O C E S S  ---------------

Java Threads: ( => current thread )

Other Threads:

=>0x0000000002ca2800 (exited) JavaThread "Unknown thread" [_thread_in_vm, id=15044, stack(0x0000000002ba0000,0x0000000002ca0000)]

VM state:not at safepoint (normal execution)

VM Mutex/Monitor currently owned by a thread: None

Heap:
 PSYoungGen      total 37888K, used 655K [0x00000000d6780000, 0x00000000d9180000, 0x0000000100000000)
  eden space 32768K, 2% used [0x00000000d6780000,0x00000000d6823d80,0x00000000d8780000)
  from space 5120K, 0% used [0x00000000d8c80000,0x00000000d8c80000,0x00000000d9180000)
  to   space 5120K, 0% used [0x00000000d8780000,0x00000000d8780000,0x00000000d8c80000)
 ParOldGen       total 86016K, used 0K [0x0000000083600000, 0x0000000088a00000, 0x00000000d6780000)
  object space 86016K, 0% used [0x0000000083600000,0x0000000083600000,0x0000000088a00000)
 Metaspace       used 775K, capacity 4480K, committed 4480K, reserved 1056768K
  class space    used 76K, capacity 384K, committed 384K, reserved 1048576K

Card table byte_map: [0x0000000012160000,0x0000000012550000] byte_map_base: 0x0000000011d45000

Marking Bits: (ParMarkBitMap*) 0x000000006fb83e30
 Begin Bits: [0x0000000012df0000, 0x0000000014d18000)
 End Bits:   [0x0000000014d18000, 0x0000000016c40000)

Polling page: 0x0000000002a50000

CodeCache: size=245760Kb used=328Kb max_used=328Kb free=245431Kb
 bounds [0x0000000002da0000, 0x0000000003010000, 0x0000000011da0000]
 total_blobs=58 nmethods=0 adapters=38
 compilation: enabled

Compilation events (0 events):
No events

GC Heap History (0 events):
No events

Deoptimization events (0 events):
No events

Classes redefined (0 events):
No events

Internal exceptions (0 events):
No events

Events (10 events):
Event: 0.119 loading class java/lang/Short
Event: 0.119 loading class java/lang/Short done
Event: 0.119 loading class java/lang/Integer
Event: 0.120 loading class java/lang/Integer done
Event: 0.120 loading class java/lang/Long
Event: 0.120 loading class java/lang/Long done
Event: 0.121 loading class java/lang/NullPointerException
Event: 0.121 loading class java/lang/NullPointerException done
Event: 0.121 loading class java/lang/ArithmeticException
Event: 0.121 loading class java/lang/ArithmeticException done


Dynamic libraries:
0x00007ff722f90000 - 0x00007ff722fc7000 	C:\Program Files\Java\jdk1.8.0_191\bin\java.exe
0x00007ffb6e980000 - 0x00007ffb6eb61000 	C:\WINDOWS\SYSTEM32\ntdll.dll
0x00007ffb6e860000 - 0x00007ffb6e911000 	C:\WINDOWS\System32\KERNEL32.DLL
0x00007ffb6bb50000 - 0x00007ffb6bdc3000 	C:\WINDOWS\System32\KERNELBASE.dll
0x00007ffb6c4c0000 - 0x00007ffb6c561000 	C:\WINDOWS\System32\ADVAPI32.dll
0x00007ffb6c290000 - 0x00007ffb6c32e000 	C:\WINDOWS\System32\msvcrt.dll
0x00007ffb6c080000 - 0x00007ffb6c0db000 	C:\WINDOWS\System32\sechost.dll
0x00007ffb6be50000 - 0x00007ffb6bf74000 	C:\WINDOWS\System32\RPCRT4.dll
0x00007ffb6c330000 - 0x00007ffb6c4c0000 	C:\WINDOWS\System32\USER32.dll
0x00007ffb6b810000 - 0x00007ffb6b830000 	C:\WINDOWS\System32\win32u.dll
0x00007ffb6c980000 - 0x00007ffb6c9a8000 	C:\WINDOWS\System32\GDI32.dll
0x00007ffb6b830000 - 0x00007ffb6b9c1000 	C:\WINDOWS\System32\gdi32full.dll
0x00007ffb6ad10000 - 0x00007ffb6adaf000 	C:\WINDOWS\System32\msvcp_win.dll
0x00007ffb6b710000 - 0x00007ffb6b808000 	C:\WINDOWS\System32\ucrtbase.dll
0x00007ffb573e0000 - 0x00007ffb57649000 	C:\WINDOWS\WinSxS\amd64_microsoft.windows.common-controls_6595b64144ccf1df_6.0.17134.1067_none_d401a3eb7c8ebdea\COMCTL32.dll
0x00007ffb6e480000 - 0x00007ffb6e7a1000 	C:\WINDOWS\System32\combase.dll
0x00007ffb6bad0000 - 0x00007ffb6bb49000 	C:\WINDOWS\System32\bcryptPrimitives.dll
0x00007ffb6bff0000 - 0x00007ffb6c01d000 	C:\WINDOWS\System32\IMM32.DLL
0x000000006f280000 - 0x000000006f352000 	C:\Program Files\Java\jdk1.8.0_191\jre\bin\msvcr100.dll
0x000000006f360000 - 0x000000006fc04000 	C:\Program Files\Java\jdk1.8.0_191\jre\bin\server\jvm.dll
0x00007ffb6e7b0000 - 0x00007ffb6e7b8000 	C:\WINDOWS\System32\PSAPI.DLL
0x00007ffb59760000 - 0x00007ffb59769000 	C:\WINDOWS\SYSTEM32\WSOCK32.dll
0x00007ffb68a60000 - 0x00007ffb68a83000 	C:\WINDOWS\SYSTEM32\WINMM.dll
0x00007ffb5e610000 - 0x00007ffb5e61a000 	C:\WINDOWS\SYSTEM32\VERSION.dll
0x00007ffb6bf80000 - 0x00007ffb6bfec000 	C:\WINDOWS\System32\WS2_32.dll
0x00007ffb68950000 - 0x00007ffb6897a000 	C:\WINDOWS\SYSTEM32\winmmbase.dll
0x00007ffb6ba80000 - 0x00007ffb6bac9000 	C:\WINDOWS\System32\cfgmgr32.dll
0x000000006ff70000 - 0x000000006ff7f000 	C:\Program Files\Java\jdk1.8.0_191\jre\bin\verify.dll
0x000000006ff40000 - 0x000000006ff69000 	C:\Program Files\Java\jdk1.8.0_191\jre\bin\java.dll
0x000000006f260000 - 0x000000006f276000 	C:\Program Files\Java\jdk1.8.0_191\jre\bin\zip.dll
0x00007ffb334f0000 - 0x00007ffb3360f000 	C:\Program Files\Diebold\Warsaw\wslbscr64.dll
0x00007ffb6ce10000 - 0x00007ffb6e254000 	C:\WINDOWS\System32\SHELL32.dll
0x00007ffb6c1d0000 - 0x00007ffb6c279000 	C:\WINDOWS\System32\shcore.dll
0x00007ffb6adb0000 - 0x00007ffb6b4c0000 	C:\WINDOWS\System32\windows.storage.dll
0x00007ffb6c850000 - 0x00007ffb6c8a1000 	C:\WINDOWS\System32\shlwapi.dll
0x00007ffb6acf0000 - 0x00007ffb6ad01000 	C:\WINDOWS\System32\kernel.appcore.dll
0x00007ffb6acb0000 - 0x00007ffb6accf000 	C:\WINDOWS\System32\profapi.dll
0x00007ffb6ac60000 - 0x00007ffb6acac000 	C:\WINDOWS\System32\powrprof.dll
0x00007ffb6ac50000 - 0x00007ffb6ac5a000 	C:\WINDOWS\System32\FLTLIB.DLL
0x00007ffb69ce0000 - 0x00007ffb69d11000 	C:\WINDOWS\SYSTEM32\ntmarta.dll

VM Arguments:
jvm_args: -Dclassworlds.conf=C:\Instaladores\NetBeans 8.0.1\java\maven\bin\m2.conf -Dmaven.home=C:\Instaladores\NetBeans 8.0.1\java\maven 
java_command: org.codehaus.plexus.classworlds.launcher.Launcher -Dnetbeans.deploy=true -Dmaven.ext.class.path=C:\Instaladores\NetBeans 8.0.1\java\maven-nblib\netbeans-eventspy.jar -Dfile.encoding=UTF-8 package
java_class_path (initial): C:\Instaladores\NetBeans 8.0.1\java\maven\boot\plexus-classworlds-2.4.jar
Launcher Type: SUN_STANDARD

Environment Variables:
JAVA_HOME=C:\Program Files\Java\jdk1.8.0_191
PATH=C:\Python27\;C:\Program Files\Java\jdk1.8.0_191\bin;C:\Program Files (x86)\Common Files\Oracle\Java\javapath;C:\ProgramData\Oracle\Java\javapath;C:\Program Files (x86)\Intel\Intel(R) Management Engine Components\iCLS\;C:\Program Files\Intel\Intel(R) Management Engine Components\iCLS\;C:\WINDOWS\system32;C:\WINDOWS;C:\WINDOWS\System32\Wbem;C:\apache-maven-3.6.0\bin;C:\WINDOWS\System32\WindowsPowerShell\v1.0\;C:\Program Files (x86)\Intel\Intel(R) Management Engine Components\DAL;C:\Program Files\Intel\Intel(R) Management Engine Components\DAL;C:\Program Files (x86)\Intel\Intel(R) Management Engine Components\IPT;C:\Program Files\Intel\Intel(R) Management Engine Components\IPT;C:\Program Files (x86)\Bitvise SSH Client;C:\Program Files\Git\cmd;C:\Program Files\nodejs\;;C:\WINDOWS\System32\OpenSSH\;C:\Users\hakney.lima\AppData\Local\Microsoft\WindowsApps;
USERNAME=hakney.lima
OS=Windows_NT
PROCESSOR_IDENTIFIER=Intel64 Family 6 Model 158 Stepping 10, GenuineIntel



---------------  S Y S T E M  ---------------

OS: Windows 10.0 , 64 bit Build 17134 (10.0.17134.753)

CPU:total 6 (initial active 6) (6 cores per cpu, 1 threads per core) family 6 model 158 stepping 10, cmov, cx8, fxsr, mmx, sse, sse2, sse3, ssse3, sse4.1, sse4.2, popcnt, avx, avx2, aes, clmul, erms, rtm, 3dnowpref, lzcnt, tsc, tscinvbit, bmi1, bmi2, adx

Memory: 4k page, physical 8162600k(243428k free), swap 11234600k(5568k free)

vm_info: Java HotSpot(TM) 64-Bit Server VM (25.191-b12) for windows-amd64 JRE (1.8.0_191-b12), built on Oct  6 2018 09:29:03 by "java_re" with MS VC++ 10.0 (VS2010)

time: Tue Oct 15 08:07:36 2019
elapsed time: 0 seconds (0d 0h 0m 0s)

