#
# There is insufficient memory for the Java Runtime Environment to continue.
# Native memory allocation (malloc) failed to allocate 241536 bytes for Chunk::new
# Possible reasons:
#   The system is out of physical RAM or swap space
#   In 32 bit mode, the process size limit was hit
# Possible solutions:
#   Reduce memory load on the system
#   Increase physical memory or swap space
#   Check if swap backing store is full
#   Use 64 bit Java on a 64 bit OS
#   Decrease Java heap size (-Xmx/-Xms)
#   Decrease number of Java threads
#   Decrease Java thread stack sizes (-Xss)
#   Set larger code cache with -XX:ReservedCodeCacheSize=
# This output file may be truncated or incomplete.
#
#  Out of Memory Error (allocation.cpp:390), pid=8396, tid=0x0000000000003348
#
# JRE version: Java(TM) SE Runtime Environment (8.0_191-b12) (build 1.8.0_191-b12)
# Java VM: Java HotSpot(TM) 64-Bit Server VM (25.191-b12 mixed mode windows-amd64 compressed oops)
# Failed to write core dump. Minidumps are not enabled by default on client versions of Windows
#

---------------  T H R E A D  ---------------

Current thread (0x0000000017497000):  JavaThread "C2 CompilerThread0" daemon [_thread_in_native, id=13128, stack(0x0000000019110000,0x0000000019210000)]

Stack: [0x0000000019110000,0x0000000019210000]
[error occurred during error reporting (printing stack bounds), id 0xc0000005]

Native frames: (J=compiled Java code, j=interpreted, Vv=VM code, C=native code)


Current CompileTask:
C2:    356  267  s!   4       sun.misc.URLClassPath::getLoader (243 bytes)


---------------  P R O C E S S  ---------------

Java Threads: ( => current thread )
  0x000000001947e800 JavaThread "Service Thread" daemon [_thread_blocked, id=10292, stack(0x0000000019810000,0x0000000019910000)]
  0x000000001749b800 JavaThread "C1 CompilerThread2" daemon [_thread_in_native, id=13300, stack(0x0000000019310000,0x0000000019410000)]
  0x000000001749a800 JavaThread "C2 CompilerThread1" daemon [_thread_in_native, id=10524, stack(0x0000000019210000,0x0000000019310000)]
=>0x0000000017497000 JavaThread "C2 CompilerThread0" daemon [_thread_in_native, id=13128, stack(0x0000000019110000,0x0000000019210000)]
  0x0000000017493800 JavaThread "Attach Listener" daemon [_thread_blocked, id=8680, stack(0x0000000019010000,0x0000000019110000)]
  0x000000000281e800 JavaThread "Signal Dispatcher" daemon [_thread_blocked, id=8872, stack(0x0000000018f10000,0x0000000019010000)]
  0x0000000017481800 JavaThread "Finalizer" daemon [_thread_blocked, id=6140, stack(0x0000000018d00000,0x0000000018e00000)]
  0x0000000002817000 JavaThread "Reference Handler" daemon [_thread_blocked, id=12380, stack(0x0000000018c00000,0x0000000018d00000)]
  0x00000000025de000 JavaThread "main" [_thread_in_native, id=12948, stack(0x0000000002620000,0x0000000002720000)]

Other Threads:
  0x0000000017459800 VMThread [stack: 0x0000000018b00000,0x0000000018c00000] [id=2976]
  0x0000000019480800 WatcherThread [stack: 0x0000000019910000,0x0000000019a10000] [id=11208]

VM state:not at safepoint (normal execution)

VM Mutex/Monitor currently owned by a thread: None

Heap:
 PSYoungGen      total 37888K, used 7224K [0x00000000d6780000, 0x00000000d9180000, 0x0000000100000000)
  eden space 32768K, 22% used [0x00000000d6780000,0x00000000d6e8e180,0x00000000d8780000)
  from space 5120K, 0% used [0x00000000d8c80000,0x00000000d8c80000,0x00000000d9180000)
  to   space 5120K, 0% used [0x00000000d8780000,0x00000000d8780000,0x00000000d8c80000)
 ParOldGen       total 86016K, used 0K [0x0000000083600000, 0x0000000088a00000, 0x00000000d6780000)
  object space 86016K, 0% used [0x0000000083600000,0x0000000083600000,0x0000000088a00000)
 Metaspace       used 4971K, capacity 5496K, committed 5760K, reserved 1058816K
  class space    used 570K, capacity 604K, committed 640K, reserved 1048576K

Card table byte_map: [0x0000000011be0000,0x0000000011fd0000] byte_map_base: 0x00000000117c5000

Marking Bits: (ParMarkBitMap*) 0x000000006c133e30
 Begin Bits: [0x0000000012870000, 0x0000000014798000)
 End Bits:   [0x0000000014798000, 0x00000000166c0000)

Polling page: 0x00000000003f0000

CodeCache: size=245760Kb used=1717Kb max_used=1717Kb free=244042Kb
 bounds [0x0000000002820000, 0x0000000002a90000, 0x0000000011820000]
 total_blobs=543 nmethods=274 adapters=182
 compilation: enabled

Compilation events (10 events):
Event: 0.343 Thread 0x000000001749b800 nmethod 266 0x00000000029c6750 code [0x00000000029c68c0, 0x00000000029c6a28]
Event: 0.343 Thread 0x0000000017497000  267  s!   4       sun.misc.URLClassPath::getLoader (243 bytes)
Event: 0.344 Thread 0x000000001749b800  268       3       sun.misc.PerfCounter::addElapsedTimeFrom (10 bytes)
Event: 0.344 Thread 0x000000001749b800 nmethod 268 0x00000000029c5ad0 code [0x00000000029c5c80, 0x00000000029c63d8]
Event: 0.345 Thread 0x000000001749a800  269  s    4       sun.misc.URLClassPath::getNextLoader (88 bytes)
Event: 0.345 Thread 0x000000001749b800  270       3       java.lang.String::substring (56 bytes)
Event: 0.346 Thread 0x000000001749b800 nmethod 270 0x00000000029c52d0 code [0x00000000029c5480, 0x00000000029c58c8]
Event: 0.352 Thread 0x000000001749b800  271       3       java.lang.ref.WeakReference::<init> (7 bytes)
Event: 0.352 Thread 0x000000001749b800 nmethod 271 0x00000000029c4b10 code [0x00000000029c4c80, 0x00000000029c4f30]
Event: 0.352 Thread 0x000000001749b800  272       3       java.net.URL::toExternalForm (9 bytes)

GC Heap History (0 events):
No events

Deoptimization events (0 events):
No events

Classes redefined (0 events):
No events

Internal exceptions (6 events):
Event: 0.075 Thread 0x00000000025de000 Exception <a 'java/lang/NoSuchMethodError': Method sun.misc.Unsafe.defineClass(Ljava/lang/String;[BII)Ljava/lang/Class; name or signature does not match> (0x00000000d6787cb0) thrown at [C:\re\workspace\8-2-build-windows-amd64-cygwin\jdk8u191\11896\hotspot
Event: 0.075 Thread 0x00000000025de000 Exception <a 'java/lang/NoSuchMethodError': Method sun.misc.Unsafe.prefetchRead(Ljava/lang/Object;J)V name or signature does not match> (0x00000000d6787f98) thrown at [C:\re\workspace\8-2-build-windows-amd64-cygwin\jdk8u191\11896\hotspot\src\share\vm\prim
Event: 0.240 Thread 0x00000000025de000 Exception <a 'java/security/PrivilegedActionException'> (0x00000000d6a789b8) thrown at [C:\re\workspace\8-2-build-windows-amd64-cygwin\jdk8u191\11896\hotspot\src\share\vm\prims\jvm.cpp, line 1435]
Event: 0.240 Thread 0x00000000025de000 Exception <a 'java/security/PrivilegedActionException'> (0x00000000d6a78bc8) thrown at [C:\re\workspace\8-2-build-windows-amd64-cygwin\jdk8u191\11896\hotspot\src\share\vm\prims\jvm.cpp, line 1435]
Event: 0.240 Thread 0x00000000025de000 Exception <a 'java/security/PrivilegedActionException'> (0x00000000d6a7ccc0) thrown at [C:\re\workspace\8-2-build-windows-amd64-cygwin\jdk8u191\11896\hotspot\src\share\vm\prims\jvm.cpp, line 1435]
Event: 0.240 Thread 0x00000000025de000 Exception <a 'java/security/PrivilegedActionException'> (0x00000000d6a7ced0) thrown at [C:\re\workspace\8-2-build-windows-amd64-cygwin\jdk8u191\11896\hotspot\src\share\vm\prims\jvm.cpp, line 1435]

Events (10 events):
Event: 0.350 loading class com/google/inject/internal/util/SourceProvider
Event: 0.350 loading class com/google/inject/internal/util/SourceProvider done
Event: 0.350 loading class com/google/common/collect/ImmutableSet
Event: 0.350 loading class com/google/common/collect/ImmutableSet done
Event: 0.351 loading class com/google/common/collect/SingletonImmutableSet
Event: 0.351 loading class com/google/common/collect/SingletonImmutableSet done
Event: 0.351 loading class com/google/common/collect/RegularImmutableSet
Event: 0.351 loading class com/google/common/collect/RegularImmutableSet done
Event: 0.352 loading class com/google/common/collect/ImmutableSet$ArrayImmutableSet
Event: 0.352 loading class com/google/common/collect/ImmutableSet$ArrayImmutableSet done


Dynamic libraries:
0x00007ff7cb2a0000 - 0x00007ff7cb2d7000 	C:\Program Files\Java\jdk1.8.0_191\bin\java.exe
0x00007ff91e1c0000 - 0x00007ff91e3a1000 	C:\WINDOWS\SYSTEM32\ntdll.dll
0x00007ff91e0a0000 - 0x00007ff91e151000 	C:\WINDOWS\System32\KERNEL32.DLL
0x00007ff91a5d0000 - 0x00007ff91a843000 	C:\WINDOWS\System32\KERNELBASE.dll
0x00007ff91dea0000 - 0x00007ff91df41000 	C:\WINDOWS\System32\ADVAPI32.dll
0x00007ff91bc60000 - 0x00007ff91bcfe000 	C:\WINDOWS\System32\msvcrt.dll
0x00007ff91db90000 - 0x00007ff91dbeb000 	C:\WINDOWS\System32\sechost.dll
0x00007ff91d180000 - 0x00007ff91d2a4000 	C:\WINDOWS\System32\RPCRT4.dll
0x00007ff91d9c0000 - 0x00007ff91db50000 	C:\WINDOWS\System32\USER32.dll
0x00007ff91b4a0000 - 0x00007ff91b4c0000 	C:\WINDOWS\System32\win32u.dll
0x00007ff91db60000 - 0x00007ff91db88000 	C:\WINDOWS\System32\GDI32.dll
0x00007ff91b2a0000 - 0x00007ff91b431000 	C:\WINDOWS\System32\gdi32full.dll
0x00007ff91b010000 - 0x00007ff91b0af000 	C:\WINDOWS\System32\msvcp_win.dll
0x00007ff91b4c0000 - 0x00007ff91b5b8000 	C:\WINDOWS\System32\ucrtbase.dll
0x00007ff906370000 - 0x00007ff9065d9000 	C:\WINDOWS\WinSxS\amd64_microsoft.windows.common-controls_6595b64144ccf1df_6.0.17134.1067_none_d401a3eb7c8ebdea\COMCTL32.dll
0x00007ff91d610000 - 0x00007ff91d931000 	C:\WINDOWS\System32\combase.dll
0x00007ff91a550000 - 0x00007ff91a5c9000 	C:\WINDOWS\System32\bcryptPrimitives.dll
0x00007ff91d150000 - 0x00007ff91d17d000 	C:\WINDOWS\System32\IMM32.DLL
0x000000006b830000 - 0x000000006b902000 	C:\Program Files\Java\jdk1.8.0_191\jre\bin\msvcr100.dll
0x000000006b910000 - 0x000000006c1b4000 	C:\Program Files\Java\jdk1.8.0_191\jre\bin\server\jvm.dll
0x00007ff91db50000 - 0x00007ff91db58000 	C:\WINDOWS\System32\PSAPI.DLL
0x00007ff9185e0000 - 0x00007ff918603000 	C:\WINDOWS\SYSTEM32\WINMM.dll
0x00007ff908820000 - 0x00007ff908829000 	C:\WINDOWS\SYSTEM32\WSOCK32.dll
0x00007ff90e730000 - 0x00007ff90e73a000 	C:\WINDOWS\SYSTEM32\VERSION.dll
0x00007ff91d940000 - 0x00007ff91d9ac000 	C:\WINDOWS\System32\WS2_32.dll
0x00007ff918270000 - 0x00007ff91829a000 	C:\WINDOWS\SYSTEM32\winmmbase.dll
0x00007ff91b5c0000 - 0x00007ff91b609000 	C:\WINDOWS\System32\cfgmgr32.dll
0x000000006b7e0000 - 0x000000006b7ef000 	C:\Program Files\Java\jdk1.8.0_191\jre\bin\verify.dll
0x000000006b7b0000 - 0x000000006b7d9000 	C:\Program Files\Java\jdk1.8.0_191\jre\bin\java.dll
0x000000006b790000 - 0x000000006b7a6000 	C:\Program Files\Java\jdk1.8.0_191\jre\bin\zip.dll
0x00007ff91bd00000 - 0x00007ff91d144000 	C:\WINDOWS\System32\SHELL32.dll
0x00007ff91bb50000 - 0x00007ff91bbf9000 	C:\WINDOWS\System32\shcore.dll
0x00007ff91a850000 - 0x00007ff91af60000 	C:\WINDOWS\System32\windows.storage.dll
0x00007ff91e040000 - 0x00007ff91e091000 	C:\WINDOWS\System32\shlwapi.dll
0x00007ff91a530000 - 0x00007ff91a541000 	C:\WINDOWS\System32\kernel.appcore.dll
0x00007ff91a4f0000 - 0x00007ff91a50f000 	C:\WINDOWS\System32\profapi.dll
0x00007ff91a4a0000 - 0x00007ff91a4ec000 	C:\WINDOWS\System32\powrprof.dll
0x00007ff91a490000 - 0x00007ff91a49a000 	C:\WINDOWS\System32\FLTLIB.DLL

VM Arguments:
jvm_args: -Dclassworlds.conf=C:\Users\hakney.lima\Documents\NetBeans 8.0.1\java\maven\bin\m2.conf -Dmaven.home=C:\Users\hakney.lima\Documents\NetBeans 8.0.1\java\maven 
java_command: org.codehaus.plexus.classworlds.launcher.Launcher -Dmaven.ext.class.path=C:\Users\hakney.lima\Documents\NetBeans 8.0.1\java\maven-nblib\netbeans-eventspy.jar -Dfile.encoding=UTF-8 clean install
java_class_path (initial): C:\Users\hakney.lima\Documents\NetBeans 8.0.1\java\maven\boot\plexus-classworlds-2.4.jar
Launcher Type: SUN_STANDARD

Environment Variables:
JAVA_HOME=C:\Program Files\Java\jdk1.8.0_191
PATH=C:\Python27\;C:\Program Files\Java\jdk1.8.0_191; C:\Users\hakney.lima\Downloads\apache-tomcat-8.5.47\bin;C:\Program Files (x86)\Common Files\Oracle\Java\javapath;C:\ProgramData\Oracle\Java\javapath;C:\Program Files (x86)\Intel\Intel(R) Management Engine Components\iCLS\;C:\Program Files\Intel\Intel(R) Management Engine Components\iCLS\;C:\WINDOWS\system32;C:\WINDOWS;C:\WINDOWS\System32\Wbem;C:\apache-maven-3.6.0\bin;C:\WINDOWS\System32\WindowsPowerShell\v1.0\;C:\Program Files (x86)\Intel\Intel(R) Management Engine Components\DAL;C:\Program Files\Intel\Intel(R) Management Engine Components\DAL;C:\Program Files (x86)\Intel\Intel(R) Management Engine Components\IPT;C:\Program Files\Intel\Intel(R) Management Engine Components\IPT;C:\Program Files (x86)\Bitvise SSH Client;C:\Program Files\Git\cmd;C:\Program Files\nodejs\;;C:\WINDOWS\System32\OpenSSH\;C:\Users\hakney.lima\AppData\Local\Microsoft\WindowsApps;
USERNAME=hakney.lima
OS=Windows_NT
PROCESSOR_IDENTIFIER=Intel64 Family 6 Model 158 Stepping 10, GenuineIntel



---------------  S Y S T E M  ---------------

OS: Windows 10.0 , 64 bit Build 17134 (10.0.17134.753)

CPU:total 6 (initial active 6) (6 cores per cpu, 1 threads per core) family 6 model 158 stepping 10, cmov, cx8, fxsr, mmx, sse, sse2, sse3, ssse3, sse4.1, sse4.2, popcnt, avx, avx2, aes, clmul, erms, rtm, 3dnowpref, lzcnt, tsc, tscinvbit, bmi1, bmi2, adx

Memory: 4k page, physical 8162600k(358876k free), swap 11234600k(976k free)

vm_info: Java HotSpot(TM) 64-Bit Server VM (25.191-b12) for windows-amd64 JRE (1.8.0_191-b12), built on Oct  6 2018 09:29:03 by "java_re" with MS VC++ 10.0 (VS2010)

time: Wed Oct 23 08:29:43 2019
elapsed time: 0 seconds (0d 0h 0m 0s)

