#
# There is insufficient memory for the Java Runtime Environment to continue.
# Native memory allocation (malloc) failed to allocate 1048576 bytes for AllocateHeap
# Possible reasons:
#   The system is out of physical RAM or swap space
#   In 32 bit mode, the process size limit was hit
# Possible solutions:
#   Reduce memory load on the system
#   Increase physical memory or swap space
#   Check if swap backing store is full
#   Use 64 bit Java on a 64 bit OS
#   Decrease Java heap size (-Xmx/-Xms)
#   Decrease number of Java threads
#   Decrease Java thread stack sizes (-Xss)
#   Set larger code cache with -XX:ReservedCodeCacheSize=
# This output file may be truncated or incomplete.
#
#  Out of Memory Error (memory/allocation.inline.hpp:61), pid=12348, tid=0x0000000000003300
#
# JRE version:  (8.0_191-b12) (build )
# Java VM: Java HotSpot(TM) 64-Bit Server VM (25.191-b12 mixed mode windows-amd64 compressed oops)
# Failed to write core dump. Minidumps are not enabled by default on client versions of Windows
#

---------------  T H R E A D  ---------------

Current thread (0x000000000286e800):  JavaThread "Unknown thread" [_thread_in_vm, id=13056, stack(0x0000000002870000,0x0000000002970000)]

Stack: [0x0000000002870000,0x0000000002970000]
[error occurred during error reporting (printing stack bounds), id 0xc0000005]

Native frames: (J=compiled Java code, j=interpreted, Vv=VM code, C=native code)


---------------  P R O C E S S  ---------------

Java Threads: ( => current thread )

Other Threads:

=>0x000000000286e800 (exited) JavaThread "Unknown thread" [_thread_in_vm, id=13056, stack(0x0000000002870000,0x0000000002970000)]

VM state:not at safepoint (normal execution)

VM Mutex/Monitor currently owned by a thread: None

Heap:
 PSYoungGen      total 37888K, used 655K [0x00000000d6780000, 0x00000000d9180000, 0x0000000100000000)
  eden space 32768K, 2% used [0x00000000d6780000,0x00000000d6823d80,0x00000000d8780000)
  from space 5120K, 0% used [0x00000000d8c80000,0x00000000d8c80000,0x00000000d9180000)
  to   space 5120K, 0% used [0x00000000d8780000,0x00000000d8780000,0x00000000d8c80000)
 ParOldGen       total 86016K, used 0K [0x0000000083600000, 0x0000000088a00000, 0x00000000d6780000)
  object space 86016K, 0% used [0x0000000083600000,0x0000000083600000,0x0000000088a00000)
 Metaspace       used 775K, capacity 4480K, committed 4480K, reserved 1056768K
  class space    used 76K, capacity 384K, committed 384K, reserved 1048576K

Card table byte_map: [0x0000000011e30000,0x0000000012220000] byte_map_base: 0x0000000011a15000

Marking Bits: (ParMarkBitMap*) 0x0000000076483e30
 Begin Bits: [0x0000000012ac0000, 0x00000000149e8000)
 End Bits:   [0x00000000149e8000, 0x0000000016910000)

Polling page: 0x00000000005f0000

CodeCache: size=245760Kb used=328Kb max_used=328Kb free=245431Kb
 bounds [0x0000000002a70000, 0x0000000002ce0000, 0x0000000011a70000]
 total_blobs=58 nmethods=0 adapters=38
 compilation: enabled

Compilation events (0 events):
No events

GC Heap History (0 events):
No events

Deoptimization events (0 events):
No events

Classes redefined (0 events):
No events

Internal exceptions (0 events):
No events

Events (10 events):
Event: 0.020 loading class java/lang/Short
Event: 0.020 loading class java/lang/Short done
Event: 0.020 loading class java/lang/Integer
Event: 0.020 loading class java/lang/Integer done
Event: 0.020 loading class java/lang/Long
Event: 0.020 loading class java/lang/Long done
Event: 0.020 loading class java/lang/NullPointerException
Event: 0.020 loading class java/lang/NullPointerException done
Event: 0.020 loading class java/lang/ArithmeticException
Event: 0.020 loading class java/lang/ArithmeticException done


Dynamic libraries:
0x00007ff61f700000 - 0x00007ff61f737000 	C:\Program Files\Java\jdk1.8.0_191\bin\java.exe
0x00007ffe7cb50000 - 0x00007ffe7cd31000 	C:\WINDOWS\SYSTEM32\ntdll.dll
0x00007ffe7c300000 - 0x00007ffe7c3b1000 	C:\WINDOWS\System32\KERNEL32.DLL
0x00007ffe79030000 - 0x00007ffe792a3000 	C:\WINDOWS\System32\KERNELBASE.dll
0x00007ffe7aae0000 - 0x00007ffe7ab81000 	C:\WINDOWS\System32\ADVAPI32.dll
0x00007ffe7ca50000 - 0x00007ffe7caee000 	C:\WINDOWS\System32\msvcrt.dll
0x00007ffe7c920000 - 0x00007ffe7c97b000 	C:\WINDOWS\System32\sechost.dll
0x00007ffe7c680000 - 0x00007ffe7c7a4000 	C:\WINDOWS\System32\RPCRT4.dll
0x00007ffe7a940000 - 0x00007ffe7aad0000 	C:\WINDOWS\System32\USER32.dll
0x00007ffe792b0000 - 0x00007ffe792d0000 	C:\WINDOWS\System32\win32u.dll
0x00007ffe7c820000 - 0x00007ffe7c848000 	C:\WINDOWS\System32\GDI32.dll
0x00007ffe79a90000 - 0x00007ffe79c21000 	C:\WINDOWS\System32\gdi32full.dll
0x00007ffe79f00000 - 0x00007ffe79f9f000 	C:\WINDOWS\System32\msvcp_win.dll
0x00007ffe78f30000 - 0x00007ffe79028000 	C:\WINDOWS\System32\ucrtbase.dll
0x00007ffe65990000 - 0x00007ffe65bf9000 	C:\WINDOWS\WinSxS\amd64_microsoft.windows.common-controls_6595b64144ccf1df_6.0.17134.1067_none_d401a3eb7c8ebdea\COMCTL32.dll
0x00007ffe7a610000 - 0x00007ffe7a931000 	C:\WINDOWS\System32\combase.dll
0x00007ffe79c90000 - 0x00007ffe79d09000 	C:\WINDOWS\System32\bcryptPrimitives.dll
0x00007ffe7c650000 - 0x00007ffe7c67d000 	C:\WINDOWS\System32\IMM32.DLL
0x0000000075b80000 - 0x0000000075c52000 	C:\Program Files\Java\jdk1.8.0_191\jre\bin\msvcr100.dll
0x0000000075c60000 - 0x0000000076504000 	C:\Program Files\Java\jdk1.8.0_191\jre\bin\server\jvm.dll
0x00007ffe7aea0000 - 0x00007ffe7aea8000 	C:\WINDOWS\System32\PSAPI.DLL
0x00007ffe68e50000 - 0x00007ffe68e59000 	C:\WINDOWS\SYSTEM32\WSOCK32.dll
0x00007ffe76b50000 - 0x00007ffe76b73000 	C:\WINDOWS\SYSTEM32\WINMM.dll
0x00007ffe6bd30000 - 0x00007ffe6bd3a000 	C:\WINDOWS\SYSTEM32\VERSION.dll
0x00007ffe7c8b0000 - 0x00007ffe7c91c000 	C:\WINDOWS\System32\WS2_32.dll
0x00007ffe76b20000 - 0x00007ffe76b4a000 	C:\WINDOWS\SYSTEM32\winmmbase.dll
0x00007ffe78ee0000 - 0x00007ffe78f29000 	C:\WINDOWS\System32\cfgmgr32.dll
0x0000000076850000 - 0x000000007685f000 	C:\Program Files\Java\jdk1.8.0_191\jre\bin\verify.dll
0x0000000076820000 - 0x0000000076849000 	C:\Program Files\Java\jdk1.8.0_191\jre\bin\java.dll
0x0000000075b60000 - 0x0000000075b76000 	C:\Program Files\Java\jdk1.8.0_191\jre\bin\zip.dll

VM Arguments:
jvm_args: -Dclassworlds.conf=C:\Users\hakney.lima\Documents\NetBeans 8.0.1\java\maven\bin\m2.conf -Dmaven.home=C:\Users\hakney.lima\Documents\NetBeans 8.0.1\java\maven 
java_command: org.codehaus.plexus.classworlds.launcher.Launcher -Dnetbeans.deploy.debugmode=true -Dnetbeans.deploy=true -Dmaven.ext.class.path=C:\Users\hakney.lima\Documents\NetBeans 8.0.1\java\maven-nblib\netbeans-eventspy.jar -Dfile.encoding=UTF-8 package
java_class_path (initial): C:\Users\hakney.lima\Documents\NetBeans 8.0.1\java\maven\boot\plexus-classworlds-2.4.jar
Launcher Type: SUN_STANDARD

Environment Variables:
JAVA_HOME=C:\Program Files\Java\jdk1.8.0_191
PATH=C:\Python27\;C:\Program Files\Java\jdk1.8.0_191; C:\Users\hakney.lima\Downloads\apache-tomcat-8.5.47\bin;C:\Program Files (x86)\Common Files\Oracle\Java\javapath;C:\ProgramData\Oracle\Java\javapath;C:\Program Files (x86)\Intel\Intel(R) Management Engine Components\iCLS\;C:\Program Files\Intel\Intel(R) Management Engine Components\iCLS\;C:\WINDOWS\system32;C:\WINDOWS;C:\WINDOWS\System32\Wbem;C:\apache-maven-3.6.0\bin;C:\WINDOWS\System32\WindowsPowerShell\v1.0\;C:\Program Files (x86)\Intel\Intel(R) Management Engine Components\DAL;C:\Program Files\Intel\Intel(R) Management Engine Components\DAL;C:\Program Files (x86)\Intel\Intel(R) Management Engine Components\IPT;C:\Program Files\Intel\Intel(R) Management Engine Components\IPT;C:\Program Files (x86)\Bitvise SSH Client;C:\Program Files\Git\cmd;C:\Program Files\nodejs\;;C:\WINDOWS\System32\OpenSSH\;C:\Users\hakney.lima\AppData\Local\Microsoft\WindowsApps;
USERNAME=hakney.lima
OS=Windows_NT
PROCESSOR_IDENTIFIER=Intel64 Family 6 Model 158 Stepping 10, GenuineIntel



---------------  S Y S T E M  ---------------

OS: Windows 10.0 , 64 bit Build 17134 (10.0.17134.753)

CPU:total 6 (initial active 6) (6 cores per cpu, 1 threads per core) family 6 model 158 stepping 10, cmov, cx8, fxsr, mmx, sse, sse2, sse3, ssse3, sse4.1, sse4.2, popcnt, avx, avx2, aes, clmul, erms, rtm, 3dnowpref, lzcnt, tsc, tscinvbit, bmi1, bmi2, adx

Memory: 4k page, physical 8162600k(509544k free), swap 11234600k(5540k free)

vm_info: Java HotSpot(TM) 64-Bit Server VM (25.191-b12) for windows-amd64 JRE (1.8.0_191-b12), built on Oct  6 2018 09:29:03 by "java_re" with MS VC++ 10.0 (VS2010)

time: Tue Oct 22 10:41:17 2019
elapsed time: 0 seconds (0d 0h 0m 0s)

