#
# There is insufficient memory for the Java Runtime Environment to continue.
# Native memory allocation (malloc) failed to allocate 1048576 bytes for AllocateHeap
# Possible reasons:
#   The system is out of physical RAM or swap space
#   In 32 bit mode, the process size limit was hit
# Possible solutions:
#   Reduce memory load on the system
#   Increase physical memory or swap space
#   Check if swap backing store is full
#   Use 64 bit Java on a 64 bit OS
#   Decrease Java heap size (-Xmx/-Xms)
#   Decrease number of Java threads
#   Decrease Java thread stack sizes (-Xss)
#   Set larger code cache with -XX:ReservedCodeCacheSize=
# This output file may be truncated or incomplete.
#
#  Out of Memory Error (memory/allocation.inline.hpp:61), pid=14856, tid=0x0000000000002174
#
# JRE version:  (8.0_191-b12) (build )
# Java VM: Java HotSpot(TM) 64-Bit Server VM (25.191-b12 mixed mode windows-amd64 compressed oops)
# Failed to write core dump. Minidumps are not enabled by default on client versions of Windows
#

---------------  T H R E A D  ---------------

Current thread (0x0000000000eee800):  JavaThread "Unknown thread" [_thread_in_vm, id=8564, stack(0x00000000028a0000,0x00000000029a0000)]

Stack: [0x00000000028a0000,0x00000000029a0000]
[error occurred during error reporting (printing stack bounds), id 0xc0000005]

Native frames: (J=compiled Java code, j=interpreted, Vv=VM code, C=native code)


---------------  P R O C E S S  ---------------

Java Threads: ( => current thread )

Other Threads:

=>0x0000000000eee800 (exited) JavaThread "Unknown thread" [_thread_in_vm, id=8564, stack(0x00000000028a0000,0x00000000029a0000)]

VM state:not at safepoint (normal execution)

VM Mutex/Monitor currently owned by a thread: None

Heap:
 PSYoungGen      total 37888K, used 655K [0x00000000d6780000, 0x00000000d9180000, 0x0000000100000000)
  eden space 32768K, 2% used [0x00000000d6780000,0x00000000d6823d80,0x00000000d8780000)
  from space 5120K, 0% used [0x00000000d8c80000,0x00000000d8c80000,0x00000000d9180000)
  to   space 5120K, 0% used [0x00000000d8780000,0x00000000d8780000,0x00000000d8c80000)
 ParOldGen       total 86016K, used 0K [0x0000000083600000, 0x0000000088a00000, 0x00000000d6780000)
  object space 86016K, 0% used [0x0000000083600000,0x0000000083600000,0x0000000088a00000)
 Metaspace       used 775K, capacity 4480K, committed 4480K, reserved 1056768K
  class space    used 76K, capacity 384K, committed 384K, reserved 1048576K

Card table byte_map: [0x0000000011e60000,0x0000000012250000] byte_map_base: 0x0000000011a45000

Marking Bits: (ParMarkBitMap*) 0x000000006c133e30
 Begin Bits: [0x0000000012af0000, 0x0000000014a18000)
 End Bits:   [0x0000000014a18000, 0x0000000016940000)

Polling page: 0x0000000000ef0000

CodeCache: size=245760Kb used=328Kb max_used=328Kb free=245431Kb
 bounds [0x0000000002aa0000, 0x0000000002d10000, 0x0000000011aa0000]
 total_blobs=58 nmethods=0 adapters=38
 compilation: enabled

Compilation events (0 events):
No events

GC Heap History (0 events):
No events

Deoptimization events (0 events):
No events

Classes redefined (0 events):
No events

Internal exceptions (0 events):
No events

Events (10 events):
Event: 0.044 loading class java/lang/Short
Event: 0.044 loading class java/lang/Short done
Event: 0.044 loading class java/lang/Integer
Event: 0.044 loading class java/lang/Integer done
Event: 0.044 loading class java/lang/Long
Event: 0.044 loading class java/lang/Long done
Event: 0.045 loading class java/lang/NullPointerException
Event: 0.045 loading class java/lang/NullPointerException done
Event: 0.045 loading class java/lang/ArithmeticException
Event: 0.045 loading class java/lang/ArithmeticException done


Dynamic libraries:
0x00007ff7cb2a0000 - 0x00007ff7cb2d7000 	C:\Program Files\Java\jdk1.8.0_191\bin\java.exe
0x00007ff91e1c0000 - 0x00007ff91e3a1000 	C:\WINDOWS\SYSTEM32\ntdll.dll
0x00007ff91e0a0000 - 0x00007ff91e151000 	C:\WINDOWS\System32\KERNEL32.DLL
0x00007ff91a5d0000 - 0x00007ff91a843000 	C:\WINDOWS\System32\KERNELBASE.dll
0x00007ff91dea0000 - 0x00007ff91df41000 	C:\WINDOWS\System32\ADVAPI32.dll
0x00007ff91bc60000 - 0x00007ff91bcfe000 	C:\WINDOWS\System32\msvcrt.dll
0x00007ff91db90000 - 0x00007ff91dbeb000 	C:\WINDOWS\System32\sechost.dll
0x00007ff91d180000 - 0x00007ff91d2a4000 	C:\WINDOWS\System32\RPCRT4.dll
0x00007ff91d9c0000 - 0x00007ff91db50000 	C:\WINDOWS\System32\USER32.dll
0x00007ff91b4a0000 - 0x00007ff91b4c0000 	C:\WINDOWS\System32\win32u.dll
0x00007ff91db60000 - 0x00007ff91db88000 	C:\WINDOWS\System32\GDI32.dll
0x00007ff91b2a0000 - 0x00007ff91b431000 	C:\WINDOWS\System32\gdi32full.dll
0x00007ff91b010000 - 0x00007ff91b0af000 	C:\WINDOWS\System32\msvcp_win.dll
0x00007ff91b4c0000 - 0x00007ff91b5b8000 	C:\WINDOWS\System32\ucrtbase.dll
0x00007ff906370000 - 0x00007ff9065d9000 	C:\WINDOWS\WinSxS\amd64_microsoft.windows.common-controls_6595b64144ccf1df_6.0.17134.1067_none_d401a3eb7c8ebdea\COMCTL32.dll
0x00007ff91d610000 - 0x00007ff91d931000 	C:\WINDOWS\System32\combase.dll
0x00007ff91a550000 - 0x00007ff91a5c9000 	C:\WINDOWS\System32\bcryptPrimitives.dll
0x00007ff91d150000 - 0x00007ff91d17d000 	C:\WINDOWS\System32\IMM32.DLL
0x000000006b830000 - 0x000000006b902000 	C:\Program Files\Java\jdk1.8.0_191\jre\bin\msvcr100.dll
0x000000006b910000 - 0x000000006c1b4000 	C:\Program Files\Java\jdk1.8.0_191\jre\bin\server\jvm.dll
0x00007ff91db50000 - 0x00007ff91db58000 	C:\WINDOWS\System32\PSAPI.DLL
0x00007ff908820000 - 0x00007ff908829000 	C:\WINDOWS\SYSTEM32\WSOCK32.dll
0x00007ff91d940000 - 0x00007ff91d9ac000 	C:\WINDOWS\System32\WS2_32.dll
0x00007ff90e730000 - 0x00007ff90e73a000 	C:\WINDOWS\SYSTEM32\VERSION.dll
0x00007ff9185e0000 - 0x00007ff918603000 	C:\WINDOWS\SYSTEM32\WINMM.dll
0x00007ff918270000 - 0x00007ff91829a000 	C:\WINDOWS\SYSTEM32\WINMMBASE.dll
0x00007ff91b5c0000 - 0x00007ff91b609000 	C:\WINDOWS\System32\cfgmgr32.dll
0x000000006b7e0000 - 0x000000006b7ef000 	C:\Program Files\Java\jdk1.8.0_191\jre\bin\verify.dll
0x000000006b7b0000 - 0x000000006b7d9000 	C:\Program Files\Java\jdk1.8.0_191\jre\bin\java.dll
0x000000006b790000 - 0x000000006b7a6000 	C:\Program Files\Java\jdk1.8.0_191\jre\bin\zip.dll

VM Arguments:
jvm_args: -Dclassworlds.conf=C:\Users\hakney.lima\Documents\NetBeans 8.0.1\java\maven\bin\m2.conf -Dmaven.home=C:\Users\hakney.lima\Documents\NetBeans 8.0.1\java\maven 
java_command: org.codehaus.plexus.classworlds.launcher.Launcher -Dnetbeans.deploy.debugmode=true -Dnetbeans.deploy=true -Dmaven.ext.class.path=C:\Users\hakney.lima\Documents\NetBeans 8.0.1\java\maven-nblib\netbeans-eventspy.jar -Dfile.encoding=UTF-8 package
java_class_path (initial): C:\Users\hakney.lima\Documents\NetBeans 8.0.1\java\maven\boot\plexus-classworlds-2.4.jar
Launcher Type: SUN_STANDARD

Environment Variables:
JAVA_HOME=C:\Program Files\Java\jdk1.8.0_191
PATH=C:\Python27\;C:\Program Files\Java\jdk1.8.0_191; C:\Users\hakney.lima\Downloads\apache-tomcat-8.5.47\bin;C:\Program Files (x86)\Common Files\Oracle\Java\javapath;C:\ProgramData\Oracle\Java\javapath;C:\Program Files (x86)\Intel\Intel(R) Management Engine Components\iCLS\;C:\Program Files\Intel\Intel(R) Management Engine Components\iCLS\;C:\WINDOWS\system32;C:\WINDOWS;C:\WINDOWS\System32\Wbem;C:\apache-maven-3.6.0\bin;C:\WINDOWS\System32\WindowsPowerShell\v1.0\;C:\Program Files (x86)\Intel\Intel(R) Management Engine Components\DAL;C:\Program Files\Intel\Intel(R) Management Engine Components\DAL;C:\Program Files (x86)\Intel\Intel(R) Management Engine Components\IPT;C:\Program Files\Intel\Intel(R) Management Engine Components\IPT;C:\Program Files (x86)\Bitvise SSH Client;C:\Program Files\Git\cmd;C:\Program Files\nodejs\;;C:\WINDOWS\System32\OpenSSH\;C:\Users\hakney.lima\AppData\Local\Microsoft\WindowsApps;
USERNAME=hakney.lima
OS=Windows_NT
PROCESSOR_IDENTIFIER=Intel64 Family 6 Model 158 Stepping 10, GenuineIntel



---------------  S Y S T E M  ---------------

OS: Windows 10.0 , 64 bit Build 17134 (10.0.17134.753)

CPU:total 6 (initial active 6) (6 cores per cpu, 1 threads per core) family 6 model 158 stepping 10, cmov, cx8, fxsr, mmx, sse, sse2, sse3, ssse3, sse4.1, sse4.2, popcnt, avx, avx2, aes, clmul, erms, rtm, 3dnowpref, lzcnt, tsc, tscinvbit, bmi1, bmi2, adx

Memory: 4k page, physical 8162600k(366812k free), swap 11234600k(5128k free)

vm_info: Java HotSpot(TM) 64-Bit Server VM (25.191-b12) for windows-amd64 JRE (1.8.0_191-b12), built on Oct  6 2018 09:29:03 by "java_re" with MS VC++ 10.0 (VS2010)

time: Wed Oct 23 08:26:11 2019
elapsed time: 0 seconds (0d 0h 0m 0s)

